[master (root-commit) 77d26ad] Make IRCServer
 17 files changed, 1522 insertions(+)
 create mode 100644 .local.git.out
 create mode 100755 IRCServer
 create mode 100644 IRCServer.cc
 create mode 100644 IRCServer.h
 create mode 100755 Makefile
 create mode 100755 TestIRCServer
 create mode 100755 test-server1.sh
 create mode 100755 test-server10.sh
 create mode 100755 test-server2.sh
 create mode 100755 test-server3.sh
 create mode 100755 test-server4.sh
 create mode 100755 test-server5.sh
 create mode 100755 test-server6.sh
 create mode 100755 test-server7.sh
 create mode 100755 test-server8.sh
 create mode 100755 test-server9.sh
 create mode 100755 testall
[master 324c9d7] Make IRCServer
 1 file changed, 19 insertions(+)
[master 4381c5e] 0 of 62
 4 files changed, 22 insertions(+)
 create mode 100644 .local.total.out
 create mode 100644 total.out
 create mode 100644 total.txt
[master ba9505c] Make IRCServer
 3 files changed, 5 insertions(+), 2 deletions(-)
 create mode 100755 IRCServer.org
 delete mode 100644 total.out
[master 31b6fdc] 0 of 62
 3 files changed, 8 insertions(+)
 create mode 100644 total.out
